2025-08-26 13:57 +00:00: Server running on http://localhost:3001
2025-08-26 13:57 +00:00: Server also available on local network at http://[your-ip]:3001
2025-08-26 13:57 +00:00: Socket.IO enabled for real-time collaboration
2025-08-26 13:57 +00:00: Environment: production
2025-08-26 13:57 +00:00: Running cleanup routine for null keys and duplicate edges...
2025-08-26 13:57 +00:00: Cleaning up orphaned image references...
2025-08-26 13:57 +00:00: Cleaning up duplicate edges with same endpoints and type...
2025-08-26 13:57 +00:00: No duplicate edges found
2025-08-26 13:57 +00:00: User connected: VOwYO_bcM1Mpq5xpAAAB
2025-08-26 13:57 +00:00: User VOwYO_bcM1Mpq5xpAAAB joined room family-tree-main. Total users: 1
2025-08-26 13:57 +00:00: User connected: Lh6VNPmmwOV0kDu6AAAD
2025-08-26 13:57 +00:00: User Lh6VNPmmwOV0kDu6AAAD joined room family-tree-main. Total users: 2
2025-08-26 13:58 +00:00: User disconnected: VOwYO_bcM1Mpq5xpAAAB
2025-08-26 13:58 +00:00: User VOwYO_bcM1Mpq5xpAAAB left room family-tree-main. Total users: 1
2025-08-26 13:58 +00:00: User connected: q4YAIqgLStp-Qgn1AAAF
2025-08-26 13:58 +00:00: User q4YAIqgLStp-Qgn1AAAF joined room family-tree-main. Total users: 2
2025-08-26 13:58 +00:00: User connected: t-RQOQK4JOQL8UuoAAAH
2025-08-26 13:58 +00:00: User t-RQOQK4JOQL8UuoAAAH joined room family-tree-main. Total users: 3
2025-08-26 13:58 +00:00: User disconnected: Lh6VNPmmwOV0kDu6AAAD
2025-08-26 13:58 +00:00: User Lh6VNPmmwOV0kDu6AAAD left room family-tree-main. Total users: 2
2025-08-26 14:02 +00:00: Running cleanup routine for null keys and duplicate edges...
2025-08-26 14:02 +00:00: Cleaning up orphaned image references...
2025-08-26 14:02 +00:00: Cleaning up duplicate edges with same endpoints and type...
2025-08-26 14:02 +00:00: No duplicate edges found
2025-08-26 14:03 +00:00: User disconnected: t-RQOQK4JOQL8UuoAAAH
2025-08-26 14:03 +00:00: User t-RQOQK4JOQL8UuoAAAH left room family-tree-main. Total users: 1
2025-08-26 14:07 +00:00: Running cleanup routine for null keys and duplicate edges...
2025-08-26 14:07 +00:00: Cleaning up orphaned image references...
2025-08-26 14:07 +00:00: Cleaning up duplicate edges with same endpoints and type...
2025-08-26 14:07 +00:00: No duplicate edges found
2025-08-26 14:12 +00:00: User connected: cstgoZgi4f8WHk-uAAAJ
2025-08-26 14:12 +00:00: User cstgoZgi4f8WHk-uAAAJ joined room family-tree-main. Total users: 2
2025-08-26 14:12 +00:00: Running cleanup routine for null keys and duplicate edges...
2025-08-26 14:12 +00:00: Cleaning up orphaned image references...
2025-08-26 14:12 +00:00: Cleaning up duplicate edges with same endpoints and type...
2025-08-26 14:12 +00:00: No duplicate edges found
2025-08-26 14:12 +00:00: User disconnected: cstgoZgi4f8WHk-uAAAJ
2025-08-26 14:12 +00:00: User cstgoZgi4f8WHk-uAAAJ left room family-tree-main. Total users: 1
2025-08-26 14:13 +00:00: User connected: tP7-kjLGS9z9fzKJAAAL
2025-08-26 14:13 +00:00: User tP7-kjLGS9z9fzKJAAAL joined room family-tree-main. Total users: 2
2025-08-26 14:13 +00:00: User disconnected: tP7-kjLGS9z9fzKJAAAL
2025-08-26 14:13 +00:00: User tP7-kjLGS9z9fzKJAAAL left room family-tree-main. Total users: 1
2025-08-26 14:17 +00:00: Running cleanup routine for null keys and duplicate edges...
2025-08-26 14:17 +00:00: Cleaning up orphaned image references...
2025-08-26 14:17 +00:00: Cleaning up duplicate edges with same endpoints and type...
2025-08-26 14:17 +00:00: No duplicate edges found
2025-08-26 14:18 +00:00: User connected: K9GdxrGsmv7mAs6rAAAN
2025-08-26 14:18 +00:00: User K9GdxrGsmv7mAs6rAAAN joined room family-tree-main. Total users: 2
2025-08-26 14:19 +00:00: User disconnected: K9GdxrGsmv7mAs6rAAAN
2025-08-26 14:19 +00:00: User K9GdxrGsmv7mAs6rAAAN left room family-tree-main. Total users: 1
2025-08-26 14:22 +00:00: Running cleanup routine for null keys and duplicate edges...
2025-08-26 14:22 +00:00: Cleaning up orphaned image references...
2025-08-26 14:22 +00:00: Cleaning up duplicate edges with same endpoints and type...
2025-08-26 14:22 +00:00: No duplicate edges found
2025-08-27 08:18 +00:00: Server running on http://localhost:3001
2025-08-27 08:18 +00:00: Server also available on local network at http://[your-ip]:3001
2025-08-27 08:18 +00:00: Socket.IO enabled for real-time collaboration
2025-08-27 08:18 +00:00: Environment: production
2025-08-27 08:18 +00:00: Running cleanup routine for null keys and duplicate edges...
2025-08-27 08:18 +00:00: Cleaning up orphaned image references...
2025-08-27 08:18 +00:00: Cleaning up duplicate edges with same endpoints and type...
2025-08-27 08:18 +00:00: No duplicate edges found
2025-08-27 08:19 +00:00: User connected: JUHZB60yuT3H6NS_AAAB
2025-08-27 08:19 +00:00: User JUHZB60yuT3H6NS_AAAB authenticated and joined family room family-5. Total users: 1
2025-08-27 08:19 +00:00: User disconnected: JUHZB60yuT3H6NS_AAAB
2025-08-27 08:19 +00:00: User JUHZB60yuT3H6NS_AAAB left family room family-5. Total users: 0
2025-08-27 08:20 +00:00: User connected: F1ujwvqsGEblbD3dAAAD
2025-08-27 08:20 +00:00: User F1ujwvqsGEblbD3dAAAD authenticated and joined family room family-5. Total users: 1
2025-08-27 08:20 +00:00: User disconnected: F1ujwvqsGEblbD3dAAAD
2025-08-27 08:20 +00:00: User F1ujwvqsGEblbD3dAAAD left family room family-5. Total users: 0
2025-08-27 08:20 +00:00: User connected: xNGHrW0UrWvTryKGAAAF
2025-08-27 08:20 +00:00: User xNGHrW0UrWvTryKGAAAF authenticated and joined family room family-5. Total users: 1
2025-08-27 08:20 +00:00: User disconnected: xNGHrW0UrWvTryKGAAAF
2025-08-27 08:20 +00:00: User xNGHrW0UrWvTryKGAAAF left family room family-5. Total users: 0
2025-08-27 08:20 +00:00: User connected: hAC2AytDTbeRgcZgAAAH
2025-08-27 08:20 +00:00: User hAC2AytDTbeRgcZgAAAH authenticated and joined family room family-5. Total users: 1
2025-08-27 08:21 +00:00: User disconnected: hAC2AytDTbeRgcZgAAAH
2025-08-27 08:21 +00:00: User hAC2AytDTbeRgcZgAAAH left family room family-5. Total users: 0
2025-08-27 08:21 +00:00: User connected: 6QXFWoEI4XivaN1rAAAJ
2025-08-27 08:21 +00:00: User 6QXFWoEI4XivaN1rAAAJ authenticated and joined family room family-5. Total users: 1
2025-08-27 08:21 +00:00: User disconnected: 6QXFWoEI4XivaN1rAAAJ
2025-08-27 08:21 +00:00: User 6QXFWoEI4XivaN1rAAAJ left family room family-5. Total users: 0
2025-08-27 08:21 +00:00: User connected: 5CoD1G3yZBDyjqdZAAAL
2025-08-27 08:21 +00:00: User 5CoD1G3yZBDyjqdZAAAL authenticated and joined family room family-5. Total users: 1
2025-08-27 08:23 +00:00: Running cleanup routine for null keys and duplicate edges...
2025-08-27 08:23 +00:00: Cleaning up orphaned image references...
2025-08-27 08:23 +00:00: Cleaning up duplicate edges with same endpoints and type...
2025-08-27 08:23 +00:00: No duplicate edges found
2025-08-27 08:24 +00:00: User disconnected: 5CoD1G3yZBDyjqdZAAAL
2025-08-27 08:24 +00:00: User 5CoD1G3yZBDyjqdZAAAL left family room family-5. Total users: 0
2025-08-27 08:24 +00:00: User connected: mkk0iWFeTFOo3022AAAN
2025-08-27 08:24 +00:00: User mkk0iWFeTFOo3022AAAN authenticated and joined family room family-5. Total users: 1
2025-08-27 08:28 +00:00: Running cleanup routine for null keys and duplicate edges...
2025-08-27 08:28 +00:00: Cleaning up orphaned image references...
2025-08-27 08:28 +00:00: Cleaning up duplicate edges with same endpoints and type...
2025-08-27 08:28 +00:00: No duplicate edges found
2025-08-27 08:29 +00:00: User disconnected: mkk0iWFeTFOo3022AAAN
2025-08-27 08:29 +00:00: User mkk0iWFeTFOo3022AAAN left family room family-5. Total users: 0
2025-08-27 08:29 +00:00: User connected: b-DpgdSwWuKuiCPwAAAP
2025-08-27 08:29 +00:00: User b-DpgdSwWuKuiCPwAAAP authenticated and joined family room family-5. Total users: 1
2025-08-27 08:29 +00:00: User disconnected: b-DpgdSwWuKuiCPwAAAP
2025-08-27 08:29 +00:00: User b-DpgdSwWuKuiCPwAAAP left family room family-5. Total users: 0
2025-08-27 08:29 +00:00: User connected: zMNM7RF_kRBr1N6LAAAR
2025-08-27 08:29 +00:00: User zMNM7RF_kRBr1N6LAAAR authenticated and joined family room family-5. Total users: 1
2025-08-27 08:33 +00:00: Running cleanup routine for null keys and duplicate edges...
2025-08-27 08:33 +00:00: Cleaning up orphaned image references...
2025-08-27 08:33 +00:00: Cleaning up duplicate edges with same endpoints and type...
2025-08-27 08:33 +00:00: No duplicate edges found
2025-08-27 08:38 +00:00: Running cleanup routine for null keys and duplicate edges...
2025-08-27 08:38 +00:00: Cleaning up orphaned image references...
2025-08-27 08:38 +00:00: Cleaning up duplicate edges with same endpoints and type...
2025-08-27 08:38 +00:00: No duplicate edges found
2025-08-27 08:43 +00:00: User connected: ZU3BfIoMaPxDgvInAAAT
2025-08-27 08:43 +00:00: User ZU3BfIoMaPxDgvInAAAT authenticated and joined family room family-5. Total users: 2
2025-08-27 08:43 +00:00: User disconnected: ZU3BfIoMaPxDgvInAAAT
2025-08-27 08:43 +00:00: User ZU3BfIoMaPxDgvInAAAT left family room family-5. Total users: 1
2025-08-27 08:43 +00:00: Running cleanup routine for null keys and duplicate edges...
2025-08-27 08:43 +00:00: Cleaning up orphaned image references...
2025-08-27 08:43 +00:00: Cleaning up duplicate edges with same endpoints and type...
2025-08-27 08:43 +00:00: No duplicate edges found
2025-08-27 08:48 +00:00: User disconnected: zMNM7RF_kRBr1N6LAAAR
2025-08-27 08:48 +00:00: User zMNM7RF_kRBr1N6LAAAR left family room family-5. Total users: 0
2025-08-27 08:48 +00:00: Running cleanup routine for null keys and duplicate edges...
2025-08-27 08:48 +00:00: Cleaning up orphaned image references...
2025-08-27 08:48 +00:00: Cleaning up duplicate edges with same endpoints and type...
2025-08-27 08:48 +00:00: No duplicate edges found
2025-08-27 08:53 +00:00: Running cleanup routine for null keys and duplicate edges...
2025-08-27 08:53 +00:00: Cleaning up orphaned image references...
2025-08-27 08:53 +00:00: Cleaning up duplicate edges with same endpoints and type...
2025-08-27 08:53 +00:00: No duplicate edges found
2025-08-27 08:58 +00:00: Running cleanup routine for null keys and duplicate edges...
2025-08-27 08:58 +00:00: Cleaning up orphaned image references...
2025-08-27 08:58 +00:00: Cleaning up duplicate edges with same endpoints and type...
2025-08-27 08:58 +00:00: No duplicate edges found
2025-08-27 09:03 +00:00: Running cleanup routine for null keys and duplicate edges...
2025-08-27 09:03 +00:00: Cleaning up orphaned image references...
2025-08-27 09:03 +00:00: Cleaning up duplicate edges with same endpoints and type...
2025-08-27 09:03 +00:00: No duplicate edges found
2025-08-27 09:08 +00:00: Running cleanup routine for null keys and duplicate edges...
2025-08-27 09:08 +00:00: Cleaning up orphaned image references...
2025-08-27 09:08 +00:00: Cleaning up duplicate edges with same endpoints and type...
2025-08-27 09:08 +00:00: No duplicate edges found
2025-08-27 09:13 +00:00: Running cleanup routine for null keys and duplicate edges...
2025-08-27 09:13 +00:00: Cleaning up orphaned image references...
2025-08-27 09:13 +00:00: Cleaning up duplicate edges with same endpoints and type...
2025-08-27 09:13 +00:00: No duplicate edges found
2025-08-27 09:18 +00:00: Running cleanup routine for null keys and duplicate edges...
2025-08-27 09:18 +00:00: Cleaning up orphaned image references...
2025-08-27 09:18 +00:00: Cleaning up duplicate edges with same endpoints and type...
2025-08-27 09:18 +00:00: No duplicate edges found
2025-08-27 09:23 +00:00: Running cleanup routine for null keys and duplicate edges...
2025-08-27 09:23 +00:00: Cleaning up orphaned image references...
2025-08-27 09:23 +00:00: Cleaning up duplicate edges with same endpoints and type...
2025-08-27 09:23 +00:00: No duplicate edges found
2025-08-27 09:28 +00:00: Running cleanup routine for null keys and duplicate edges...
2025-08-27 09:28 +00:00: Cleaning up orphaned image references...
2025-08-27 09:28 +00:00: Cleaning up duplicate edges with same endpoints and type...
2025-08-27 09:28 +00:00: No duplicate edges found
2025-08-27 09:33 +00:00: Running cleanup routine for null keys and duplicate edges...
2025-08-27 09:33 +00:00: Cleaning up orphaned image references...
2025-08-27 09:33 +00:00: Cleaning up duplicate edges with same endpoints and type...
2025-08-27 09:33 +00:00: No duplicate edges found
2025-08-27 09:38 +00:00: Running cleanup routine for null keys and duplicate edges...
2025-08-27 09:38 +00:00: Cleaning up orphaned image references...
2025-08-27 09:38 +00:00: Cleaning up duplicate edges with same endpoints and type...
2025-08-27 09:38 +00:00: No duplicate edges found
2025-08-27 09:43 +00:00: Running cleanup routine for null keys and duplicate edges...
2025-08-27 09:43 +00:00: Cleaning up orphaned image references...
2025-08-27 09:43 +00:00: Cleaning up duplicate edges with same endpoints and type...
2025-08-27 09:43 +00:00: No duplicate edges found
2025-08-27 09:48 +00:00: Running cleanup routine for null keys and duplicate edges...
2025-08-27 09:48 +00:00: Cleaning up orphaned image references...
2025-08-27 09:48 +00:00: Cleaning up duplicate edges with same endpoints and type...
2025-08-27 09:48 +00:00: No duplicate edges found
2025-08-27 09:53 +00:00: Running cleanup routine for null keys and duplicate edges...
2025-08-27 09:53 +00:00: Cleaning up orphaned image references...
2025-08-27 09:53 +00:00: Cleaning up duplicate edges with same endpoints and type...
2025-08-27 09:53 +00:00: No duplicate edges found
2025-08-27 09:58 +00:00: Running cleanup routine for null keys and duplicate edges...
2025-08-27 09:58 +00:00: Cleaning up orphaned image references...
2025-08-27 09:58 +00:00: Cleaning up duplicate edges with same endpoints and type...
2025-08-27 09:58 +00:00: No duplicate edges found
2025-08-27 10:03 +00:00: Running cleanup routine for null keys and duplicate edges...
2025-08-27 10:03 +00:00: Cleaning up orphaned image references...
2025-08-27 10:03 +00:00: Cleaning up duplicate edges with same endpoints and type...
2025-08-27 10:03 +00:00: No duplicate edges found
2025-08-27 10:08 +00:00: Running cleanup routine for null keys and duplicate edges...
2025-08-27 10:08 +00:00: Cleaning up orphaned image references...
2025-08-27 10:08 +00:00: Cleaning up duplicate edges with same endpoints and type...
2025-08-27 10:08 +00:00: No duplicate edges found
2025-08-27 10:13 +00:00: Running cleanup routine for null keys and duplicate edges...
2025-08-27 10:13 +00:00: Cleaning up orphaned image references...
2025-08-27 10:13 +00:00: Cleaning up duplicate edges with same endpoints and type...
2025-08-27 10:13 +00:00: No duplicate edges found
2025-08-27 10:18 +00:00: Running cleanup routine for null keys and duplicate edges...
2025-08-27 10:18 +00:00: Cleaning up orphaned image references...
2025-08-27 10:18 +00:00: Cleaning up duplicate edges with same endpoints and type...
2025-08-27 10:18 +00:00: No duplicate edges found
2025-08-27 10:23 +00:00: Running cleanup routine for null keys and duplicate edges...
2025-08-27 10:23 +00:00: Cleaning up orphaned image references...
2025-08-27 10:23 +00:00: Cleaning up duplicate edges with same endpoints and type...
2025-08-27 10:23 +00:00: No duplicate edges found
2025-08-27 10:28 +00:00: Running cleanup routine for null keys and duplicate edges...
2025-08-27 10:28 +00:00: Cleaning up orphaned image references...
2025-08-27 10:28 +00:00: Cleaning up duplicate edges with same endpoints and type...
2025-08-27 10:28 +00:00: No duplicate edges found
2025-08-27 10:33 +00:00: Running cleanup routine for null keys and duplicate edges...
2025-08-27 10:33 +00:00: Cleaning up orphaned image references...
2025-08-27 10:33 +00:00: Cleaning up duplicate edges with same endpoints and type...
2025-08-27 10:33 +00:00: No duplicate edges found
2025-08-27 10:38 +00:00: Running cleanup routine for null keys and duplicate edges...
2025-08-27 10:38 +00:00: Cleaning up orphaned image references...
2025-08-27 10:38 +00:00: Cleaning up duplicate edges with same endpoints and type...
2025-08-27 10:38 +00:00: No duplicate edges found
2025-08-27 10:43 +00:00: Running cleanup routine for null keys and duplicate edges...
2025-08-27 10:43 +00:00: Cleaning up orphaned image references...
2025-08-27 10:43 +00:00: Cleaning up duplicate edges with same endpoints and type...
2025-08-27 10:43 +00:00: No duplicate edges found
2025-08-27 10:48 +00:00: Running cleanup routine for null keys and duplicate edges...
2025-08-27 10:48 +00:00: Cleaning up orphaned image references...
2025-08-27 10:48 +00:00: Cleaning up duplicate edges with same endpoints and type...
2025-08-27 10:48 +00:00: No duplicate edges found
2025-08-27 10:53 +00:00: Running cleanup routine for null keys and duplicate edges...
2025-08-27 10:53 +00:00: Cleaning up orphaned image references...
2025-08-27 10:53 +00:00: Cleaning up duplicate edges with same endpoints and type...
2025-08-27 10:53 +00:00: No duplicate edges found
2025-08-27 10:58 +00:00: Running cleanup routine for null keys and duplicate edges...
2025-08-27 10:58 +00:00: Cleaning up orphaned image references...
2025-08-27 10:58 +00:00: Cleaning up duplicate edges with same endpoints and type...
2025-08-27 10:58 +00:00: No duplicate edges found
2025-08-27 11:03 +00:00: Running cleanup routine for null keys and duplicate edges...
2025-08-27 11:03 +00:00: Cleaning up orphaned image references...
2025-08-27 11:03 +00:00: Cleaning up duplicate edges with same endpoints and type...
2025-08-27 11:03 +00:00: No duplicate edges found
2025-08-27 11:08 +00:00: Running cleanup routine for null keys and duplicate edges...
2025-08-27 11:08 +00:00: Cleaning up orphaned image references...
2025-08-27 11:08 +00:00: Cleaning up duplicate edges with same endpoints and type...
2025-08-27 11:08 +00:00: No duplicate edges found
2025-08-27 11:13 +00:00: Running cleanup routine for null keys and duplicate edges...
2025-08-27 11:13 +00:00: Cleaning up orphaned image references...
2025-08-27 11:13 +00:00: Cleaning up duplicate edges with same endpoints and type...
2025-08-27 11:13 +00:00: No duplicate edges found
2025-08-27 11:18 +00:00: Running cleanup routine for null keys and duplicate edges...
2025-08-27 11:18 +00:00: Cleaning up orphaned image references...
2025-08-27 11:18 +00:00: Cleaning up duplicate edges with same endpoints and type...
2025-08-27 11:18 +00:00: No duplicate edges found
2025-08-27 11:23 +00:00: Running cleanup routine for null keys and duplicate edges...
2025-08-27 11:23 +00:00: Cleaning up orphaned image references...
2025-08-27 11:23 +00:00: Cleaning up duplicate edges with same endpoints and type...
2025-08-27 11:23 +00:00: No duplicate edges found
2025-08-27 11:28 +00:00: Running cleanup routine for null keys and duplicate edges...
2025-08-27 11:28 +00:00: Cleaning up orphaned image references...
2025-08-27 11:28 +00:00: Cleaning up duplicate edges with same endpoints and type...
2025-08-27 11:28 +00:00: No duplicate edges found
2025-08-27 11:33 +00:00: Running cleanup routine for null keys and duplicate edges...
2025-08-27 11:33 +00:00: Cleaning up orphaned image references...
2025-08-27 11:33 +00:00: Cleaning up duplicate edges with same endpoints and type...
2025-08-27 11:33 +00:00: No duplicate edges found
2025-08-27 11:38 +00:00: Running cleanup routine for null keys and duplicate edges...
2025-08-27 11:38 +00:00: Cleaning up orphaned image references...
2025-08-27 11:38 +00:00: Cleaning up duplicate edges with same endpoints and type...
2025-08-27 11:38 +00:00: No duplicate edges found
2025-08-27 11:43 +00:00: Running cleanup routine for null keys and duplicate edges...
2025-08-27 11:43 +00:00: Cleaning up orphaned image references...
2025-08-27 11:43 +00:00: Cleaning up duplicate edges with same endpoints and type...
2025-08-27 11:43 +00:00: No duplicate edges found
2025-08-27 11:48 +00:00: Running cleanup routine for null keys and duplicate edges...
2025-08-27 11:48 +00:00: Cleaning up orphaned image references...
2025-08-27 11:48 +00:00: Cleaning up duplicate edges with same endpoints and type...
2025-08-27 11:48 +00:00: No duplicate edges found
2025-08-27 11:53 +00:00: Running cleanup routine for null keys and duplicate edges...
2025-08-27 11:53 +00:00: Cleaning up orphaned image references...
2025-08-27 11:53 +00:00: Cleaning up duplicate edges with same endpoints and type...
2025-08-27 11:53 +00:00: No duplicate edges found
2025-08-27 11:58 +00:00: Running cleanup routine for null keys and duplicate edges...
2025-08-27 11:58 +00:00: Cleaning up orphaned image references...
2025-08-27 11:58 +00:00: Cleaning up duplicate edges with same endpoints and type...
2025-08-27 11:58 +00:00: No duplicate edges found
2025-08-27 12:03 +00:00: Running cleanup routine for null keys and duplicate edges...
2025-08-27 12:03 +00:00: Cleaning up orphaned image references...
2025-08-27 12:03 +00:00: Cleaning up duplicate edges with same endpoints and type...
2025-08-27 12:03 +00:00: No duplicate edges found
2025-08-27 12:08 +00:00: Running cleanup routine for null keys and duplicate edges...
2025-08-27 12:08 +00:00: Cleaning up orphaned image references...
2025-08-27 12:08 +00:00: Cleaning up duplicate edges with same endpoints and type...
2025-08-27 12:08 +00:00: No duplicate edges found
2025-08-27 12:13 +00:00: Running cleanup routine for null keys and duplicate edges...
2025-08-27 12:13 +00:00: Cleaning up orphaned image references...
2025-08-27 12:13 +00:00: Cleaning up duplicate edges with same endpoints and type...
2025-08-27 12:13 +00:00: No duplicate edges found
2025-08-27 12:18 +00:00: Running cleanup routine for null keys and duplicate edges...
2025-08-27 12:18 +00:00: Cleaning up orphaned image references...
2025-08-27 12:18 +00:00: Cleaning up duplicate edges with same endpoints and type...
2025-08-27 12:18 +00:00: No duplicate edges found
2025-08-27 12:23 +00:00: Running cleanup routine for null keys and duplicate edges...
2025-08-27 12:23 +00:00: Cleaning up orphaned image references...
2025-08-27 12:23 +00:00: Cleaning up duplicate edges with same endpoints and type...
2025-08-27 12:23 +00:00: No duplicate edges found
2025-08-27 12:28 +00:00: Running cleanup routine for null keys and duplicate edges...
2025-08-27 12:28 +00:00: Cleaning up orphaned image references...
2025-08-27 12:28 +00:00: Cleaning up duplicate edges with same endpoints and type...
2025-08-27 12:28 +00:00: No duplicate edges found
2025-08-27 12:33 +00:00: Running cleanup routine for null keys and duplicate edges...
2025-08-27 12:33 +00:00: Cleaning up orphaned image references...
2025-08-27 12:33 +00:00: Cleaning up duplicate edges with same endpoints and type...
2025-08-27 12:33 +00:00: No duplicate edges found
2025-08-27 12:38 +00:00: Running cleanup routine for null keys and duplicate edges...
2025-08-27 12:38 +00:00: Cleaning up orphaned image references...
2025-08-27 12:38 +00:00: Cleaning up duplicate edges with same endpoints and type...
2025-08-27 12:38 +00:00: No duplicate edges found
2025-08-27 12:43 +00:00: Running cleanup routine for null keys and duplicate edges...
2025-08-27 12:43 +00:00: Cleaning up orphaned image references...
2025-08-27 12:43 +00:00: Cleaning up duplicate edges with same endpoints and type...
2025-08-27 12:43 +00:00: No duplicate edges found
2025-08-27 12:48 +00:00: Running cleanup routine for null keys and duplicate edges...
2025-08-27 12:48 +00:00: Cleaning up orphaned image references...
2025-08-27 12:48 +00:00: Cleaning up duplicate edges with same endpoints and type...
2025-08-27 12:48 +00:00: No duplicate edges found
2025-08-27 12:53 +00:00: Running cleanup routine for null keys and duplicate edges...
2025-08-27 12:53 +00:00: Cleaning up orphaned image references...
2025-08-27 12:53 +00:00: Cleaning up duplicate edges with same endpoints and type...
2025-08-27 12:53 +00:00: No duplicate edges found
2025-08-27 12:58 +00:00: Running cleanup routine for null keys and duplicate edges...
2025-08-27 12:58 +00:00: Cleaning up orphaned image references...
2025-08-27 12:58 +00:00: Cleaning up duplicate edges with same endpoints and type...
2025-08-27 12:58 +00:00: No duplicate edges found
2025-08-27 13:03 +00:00: Running cleanup routine for null keys and duplicate edges...
2025-08-27 13:03 +00:00: Cleaning up orphaned image references...
2025-08-27 13:03 +00:00: Cleaning up duplicate edges with same endpoints and type...
2025-08-27 13:03 +00:00: No duplicate edges found
2025-08-27 13:08 +00:00: Running cleanup routine for null keys and duplicate edges...
2025-08-27 13:08 +00:00: Cleaning up orphaned image references...
2025-08-27 13:08 +00:00: Cleaning up duplicate edges with same endpoints and type...
2025-08-27 13:08 +00:00: No duplicate edges found
2025-08-27 13:13 +00:00: Running cleanup routine for null keys and duplicate edges...
2025-08-27 13:13 +00:00: Cleaning up orphaned image references...
2025-08-27 13:13 +00:00: Cleaning up duplicate edges with same endpoints and type...
2025-08-27 13:13 +00:00: No duplicate edges found
2025-08-27 13:18 +00:00: Running cleanup routine for null keys and duplicate edges...
2025-08-27 13:18 +00:00: Cleaning up orphaned image references...
2025-08-27 13:18 +00:00: Cleaning up duplicate edges with same endpoints and type...
2025-08-27 13:18 +00:00: No duplicate edges found
2025-08-27 13:23 +00:00: Running cleanup routine for null keys and duplicate edges...
2025-08-27 13:23 +00:00: Cleaning up orphaned image references...
2025-08-27 13:23 +00:00: Cleaning up duplicate edges with same endpoints and type...
2025-08-27 13:23 +00:00: No duplicate edges found
2025-08-27 13:28 +00:00: Running cleanup routine for null keys and duplicate edges...
2025-08-27 13:28 +00:00: Cleaning up orphaned image references...
2025-08-27 13:28 +00:00: Cleaning up duplicate edges with same endpoints and type...
2025-08-27 13:28 +00:00: No duplicate edges found
2025-08-27 13:32 +00:00: User connected: OoV5lkcLTkVIpvlcAAAV
2025-08-27 13:32 +00:00: User OoV5lkcLTkVIpvlcAAAV authenticated and joined family room family-5. Total users: 1
2025-08-27 13:33 +00:00: Geocoded address "Wi" to: 43.7844397, -88.7878678
2025-08-27 13:33 +00:00: Geocoding failed for address "Wis": ZERO_RESULTS
2025-08-27 13:33 +00:00: Geocoding failed for address "Wisä": ZERO_RESULTS
2025-08-27 13:33 +00:00: Geocoding failed for address "Wisäcker": ZERO_RESULTS
2025-08-27 13:33 +00:00: Geocoding failed for address "Wisäckere": ZERO_RESULTS
2025-08-27 13:33 +00:00: Geocoding failed for address "Wisäckere ": ZERO_RESULTS
2025-08-27 13:33 +00:00: Geocoding failed for address "Wisäckere 3": ZERO_RESULTS
2025-08-27 13:33 +00:00: Geocoding failed for address "Wisäckere 3, Re": ZERO_RESULTS
2025-08-27 13:33 +00:00: Running cleanup routine for null keys and duplicate edges...
2025-08-27 13:33 +00:00: Cleaning up orphaned image references...
2025-08-27 13:33 +00:00: Cleaning up duplicate edges with same endpoints and type...
2025-08-27 13:33 +00:00: No duplicate edges found
2025-08-27 13:33 +00:00: Geocoding failed for address "Wisäckere 3, Rege": ZERO_RESULTS
2025-08-27 13:33 +00:00: Geocoded address "Wisäckere 3, Regens" to: 49.0134297, 12.1016236
2025-08-27 13:33 +00:00: Geocoding failed for address "Wisäckere 3, Regensu": ZERO_RESULTS
2025-08-27 13:33 +00:00: Geocoding failed for address "Wisäckere 3, Regensug": ZERO_RESULTS
2025-08-27 13:33 +00:00: Geocoded address "Wisäckere 3, Regens" to: 49.0134297, 12.1016236
2025-08-27 13:33 +00:00: Geocoded address "Wisäckere 3, Regensbu" to: 49.0134297, 12.1016236
2025-08-27 13:33 +00:00: Geocoded address "Wisäckere 3, Regensbug" to: 49.0134297, 12.1016236
2025-08-27 13:33 +00:00: Geocoded address "Wisäckere 3, Regensbug, DE" to: 49.0134297, 12.1016236
2025-08-27 13:34 +00:00: Geocoded address "Wisäcker3, Regensbug, DE" to: 49.0134297, 12.1016236
2025-08-27 13:34 +00:00: Geocoded address "Wis3, Regensbug, DE" to: 49.0134297, 12.1016236
2025-08-27 13:34 +00:00: Geocoded address "Wi3, Regensbug, DE" to: 49.0134297, 12.1016236
2025-08-27 13:34 +00:00: Geocoded address "Wie3, Regensbug, DE" to: 49.0134297, 12.1016236
2025-08-27 13:35 +00:00: Geocoded address "Wies3, Regensbug, DE" to: 49.0134297, 12.1016236
2025-08-27 13:35 +00:00: Geocoded address "Wiesä3, Regensbug, DE" to: 49.0134297, 12.1016236
2025-08-27 13:35 +00:00: Geocoded address "Wiesäc3, Regensbug, DE" to: 49.0134297, 12.1016236
2025-08-27 13:35 +00:00: Geocoded address "Wiesäc3e4, Regensbug, DE" to: 49.0134297, 12.1016236
2025-08-27 13:35 +00:00: Geocoded address "Wiesäc, Regensbug, DE" to: 49.0134297, 12.1016236
2025-08-27 13:35 +00:00: Geocoded address "Wiesäck, Regensbug, DE" to: 49.0134297, 12.1016236
2025-08-27 13:35 +00:00: Geocoded address "Wiesäcke, Regensbug, DE" to: 49.0134297, 12.1016236
2025-08-27 13:35 +00:00: Geocoded address "Wiesäcker, Regensbug, DE" to: 49.0134297, 12.1016236
2025-08-27 13:35 +00:00: Geocoded address "Wiesäckerw, Regensbug, DE" to: 49.0134297, 12.1016236
2025-08-27 13:35 +00:00: Geocoded address "Wiesäckerwg, Regensbug, DE" to: 49.0134297, 12.1016236
2025-08-27 13:35 +00:00: Geocoded address "Wiesäckerw, Regensbug, DE" to: 49.0134297, 12.1016236
2025-08-27 13:35 +00:00: Geocoded address "Wiesäckerwe, Regensbug, DE" to: 49.0134297, 12.1016236
2025-08-27 13:35 +00:00: Geocoded address "Wiesäckerweg, Regensbug, DE" to: 48.9833328, 12.1011064
2025-08-27 13:35 +00:00: Geocoded address "Wiesäckerweg 8, Regensbug, DE" to: 48.9827629, 12.1005757
2025-08-27 13:35 +00:00: User disconnected: OoV5lkcLTkVIpvlcAAAV
2025-08-27 13:35 +00:00: User OoV5lkcLTkVIpvlcAAAV left family room family-5. Total users: 0
2025-08-27 13:38 +00:00: Running cleanup routine for null keys and duplicate edges...
2025-08-27 13:38 +00:00: Cleaning up orphaned image references...
2025-08-27 13:38 +00:00: Cleaning up duplicate edges with same endpoints and type...
2025-08-27 13:38 +00:00: No duplicate edges found
2025-08-27 13:43 +00:00: Running cleanup routine for null keys and duplicate edges...
2025-08-27 13:43 +00:00: Cleaning up orphaned image references...
2025-08-27 13:43 +00:00: Cleaning up duplicate edges with same endpoints and type...
2025-08-27 13:43 +00:00: No duplicate edges found
2025-08-27 13:48 +00:00: Running cleanup routine for null keys and duplicate edges...
2025-08-27 13:48 +00:00: Cleaning up orphaned image references...
2025-08-27 13:48 +00:00: Cleaning up duplicate edges with same endpoints and type...
2025-08-27 13:48 +00:00: No duplicate edges found
2025-08-27 13:53 +00:00: Running cleanup routine for null keys and duplicate edges...
2025-08-27 13:53 +00:00: Cleaning up orphaned image references...
2025-08-27 13:53 +00:00: Cleaning up duplicate edges with same endpoints and type...
2025-08-27 13:53 +00:00: No duplicate edges found
2025-08-27 13:58 +00:00: Running cleanup routine for null keys and duplicate edges...
2025-08-27 13:58 +00:00: Cleaning up orphaned image references...
2025-08-27 13:58 +00:00: Cleaning up duplicate edges with same endpoints and type...
2025-08-27 13:58 +00:00: No duplicate edges found
2025-08-27 14:03 +00:00: Running cleanup routine for null keys and duplicate edges...
2025-08-27 14:03 +00:00: Cleaning up orphaned image references...
2025-08-27 14:03 +00:00: Cleaning up duplicate edges with same endpoints and type...
2025-08-27 14:03 +00:00: No duplicate edges found
2025-08-27 14:08 +00:00: Running cleanup routine for null keys and duplicate edges...
2025-08-27 14:08 +00:00: Cleaning up orphaned image references...
2025-08-27 14:08 +00:00: Cleaning up duplicate edges with same endpoints and type...
2025-08-27 14:08 +00:00: No duplicate edges found
2025-08-27 14:13 +00:00: Running cleanup routine for null keys and duplicate edges...
2025-08-27 14:13 +00:00: Cleaning up orphaned image references...
2025-08-27 14:13 +00:00: Cleaning up duplicate edges with same endpoints and type...
2025-08-27 14:13 +00:00: No duplicate edges found
2025-08-27 14:18 +00:00: Running cleanup routine for null keys and duplicate edges...
2025-08-27 14:18 +00:00: Cleaning up orphaned image references...
2025-08-27 14:18 +00:00: Cleaning up duplicate edges with same endpoints and type...
2025-08-27 14:18 +00:00: No duplicate edges found
2025-08-27 14:23 +00:00: Running cleanup routine for null keys and duplicate edges...
2025-08-27 14:23 +00:00: Cleaning up orphaned image references...
2025-08-27 14:23 +00:00: Cleaning up duplicate edges with same endpoints and type...
2025-08-27 14:23 +00:00: No duplicate edges found
2025-08-27 14:28 +00:00: Running cleanup routine for null keys and duplicate edges...
2025-08-27 14:28 +00:00: Cleaning up orphaned image references...
2025-08-27 14:28 +00:00: Cleaning up duplicate edges with same endpoints and type...
2025-08-27 14:28 +00:00: No duplicate edges found
2025-08-27 14:33 +00:00: Running cleanup routine for null keys and duplicate edges...
2025-08-27 14:33 +00:00: Cleaning up orphaned image references...
2025-08-27 14:33 +00:00: Cleaning up duplicate edges with same endpoints and type...
2025-08-27 14:33 +00:00: No duplicate edges found
2025-08-27 14:38 +00:00: Running cleanup routine for null keys and duplicate edges...
2025-08-27 14:38 +00:00: Cleaning up orphaned image references...
2025-08-27 14:38 +00:00: Cleaning up duplicate edges with same endpoints and type...
2025-08-27 14:38 +00:00: No duplicate edges found
2025-08-27 14:43 +00:00: Running cleanup routine for null keys and duplicate edges...
2025-08-27 14:43 +00:00: Cleaning up orphaned image references...
2025-08-27 14:43 +00:00: Cleaning up duplicate edges with same endpoints and type...
2025-08-27 14:43 +00:00: No duplicate edges found
2025-08-27 14:48 +00:00: Running cleanup routine for null keys and duplicate edges...
2025-08-27 14:48 +00:00: Cleaning up orphaned image references...
2025-08-27 14:48 +00:00: Cleaning up duplicate edges with same endpoints and type...
2025-08-27 14:48 +00:00: No duplicate edges found
2025-08-27 14:53 +00:00: Running cleanup routine for null keys and duplicate edges...
2025-08-27 14:53 +00:00: Cleaning up orphaned image references...
2025-08-27 14:53 +00:00: Cleaning up duplicate edges with same endpoints and type...
2025-08-27 14:53 +00:00: No duplicate edges found
2025-08-27 14:58 +00:00: Running cleanup routine for null keys and duplicate edges...
2025-08-27 14:58 +00:00: Cleaning up orphaned image references...
2025-08-27 14:58 +00:00: Cleaning up duplicate edges with same endpoints and type...
2025-08-27 14:58 +00:00: No duplicate edges found
2025-08-27 15:03 +00:00: Running cleanup routine for null keys and duplicate edges...
2025-08-27 15:03 +00:00: Cleaning up orphaned image references...
2025-08-27 15:03 +00:00: Cleaning up duplicate edges with same endpoints and type...
2025-08-27 15:03 +00:00: No duplicate edges found
2025-08-27 15:08 +00:00: Running cleanup routine for null keys and duplicate edges...
2025-08-27 15:08 +00:00: Cleaning up orphaned image references...
2025-08-27 15:08 +00:00: Cleaning up duplicate edges with same endpoints and type...
2025-08-27 15:08 +00:00: No duplicate edges found
2025-08-27 15:13 +00:00: Running cleanup routine for null keys and duplicate edges...
2025-08-27 15:13 +00:00: Cleaning up orphaned image references...
2025-08-27 15:13 +00:00: Cleaning up duplicate edges with same endpoints and type...
2025-08-27 15:13 +00:00: No duplicate edges found
2025-08-27 15:18 +00:00: Running cleanup routine for null keys and duplicate edges...
2025-08-27 15:18 +00:00: Cleaning up orphaned image references...
2025-08-27 15:18 +00:00: Cleaning up duplicate edges with same endpoints and type...
2025-08-27 15:18 +00:00: No duplicate edges found
2025-08-27 15:23 +00:00: Running cleanup routine for null keys and duplicate edges...
2025-08-27 15:23 +00:00: Cleaning up orphaned image references...
2025-08-27 15:23 +00:00: Cleaning up duplicate edges with same endpoints and type...
2025-08-27 15:23 +00:00: No duplicate edges found
2025-08-27 15:28 +00:00: Running cleanup routine for null keys and duplicate edges...
2025-08-27 15:28 +00:00: Cleaning up orphaned image references...
2025-08-27 15:28 +00:00: Cleaning up duplicate edges with same endpoints and type...
2025-08-27 15:28 +00:00: No duplicate edges found
2025-08-27 15:33 +00:00: Running cleanup routine for null keys and duplicate edges...
2025-08-27 15:33 +00:00: Cleaning up orphaned image references...
2025-08-27 15:33 +00:00: Cleaning up duplicate edges with same endpoints and type...
2025-08-27 15:33 +00:00: No duplicate edges found
2025-08-27 15:38 +00:00: Running cleanup routine for null keys and duplicate edges...
2025-08-27 15:38 +00:00: Cleaning up orphaned image references...
2025-08-27 15:38 +00:00: Cleaning up duplicate edges with same endpoints and type...
2025-08-27 15:38 +00:00: No duplicate edges found
2025-08-27 15:43 +00:00: Running cleanup routine for null keys and duplicate edges...
2025-08-27 15:43 +00:00: Cleaning up orphaned image references...
2025-08-27 15:43 +00:00: Cleaning up duplicate edges with same endpoints and type...
2025-08-27 15:43 +00:00: No duplicate edges found
2025-08-27 15:48 +00:00: Running cleanup routine for null keys and duplicate edges...
2025-08-27 15:48 +00:00: Cleaning up orphaned image references...
2025-08-27 15:48 +00:00: Cleaning up duplicate edges with same endpoints and type...
2025-08-27 15:48 +00:00: No duplicate edges found
2025-08-27 15:53 +00:00: Running cleanup routine for null keys and duplicate edges...
2025-08-27 15:53 +00:00: Cleaning up orphaned image references...
2025-08-27 15:53 +00:00: Cleaning up duplicate edges with same endpoints and type...
2025-08-27 15:53 +00:00: No duplicate edges found
2025-08-27 15:58 +00:00: Running cleanup routine for null keys and duplicate edges...
2025-08-27 15:58 +00:00: Cleaning up orphaned image references...
2025-08-27 15:58 +00:00: Cleaning up duplicate edges with same endpoints and type...
2025-08-27 15:58 +00:00: No duplicate edges found
2025-08-27 16:03 +00:00: Running cleanup routine for null keys and duplicate edges...
2025-08-27 16:03 +00:00: Cleaning up orphaned image references...
2025-08-27 16:03 +00:00: Cleaning up duplicate edges with same endpoints and type...
2025-08-27 16:03 +00:00: No duplicate edges found
2025-08-27 16:08 +00:00: Running cleanup routine for null keys and duplicate edges...
2025-08-27 16:08 +00:00: Cleaning up orphaned image references...
2025-08-27 16:08 +00:00: Cleaning up duplicate edges with same endpoints and type...
2025-08-27 16:08 +00:00: No duplicate edges found
2025-08-27 16:13 +00:00: Running cleanup routine for null keys and duplicate edges...
2025-08-27 16:13 +00:00: Cleaning up orphaned image references...
2025-08-27 16:13 +00:00: Cleaning up duplicate edges with same endpoints and type...
2025-08-27 16:13 +00:00: No duplicate edges found
2025-08-27 16:18 +00:00: Running cleanup routine for null keys and duplicate edges...
2025-08-27 16:18 +00:00: Cleaning up orphaned image references...
2025-08-27 16:18 +00:00: Cleaning up duplicate edges with same endpoints and type...
2025-08-27 16:18 +00:00: No duplicate edges found
2025-08-27 16:23 +00:00: Running cleanup routine for null keys and duplicate edges...
2025-08-27 16:23 +00:00: Cleaning up orphaned image references...
2025-08-27 16:23 +00:00: Cleaning up duplicate edges with same endpoints and type...
2025-08-27 16:23 +00:00: No duplicate edges found
2025-08-27 16:28 +00:00: Running cleanup routine for null keys and duplicate edges...
2025-08-27 16:28 +00:00: Cleaning up orphaned image references...
2025-08-27 16:28 +00:00: Cleaning up duplicate edges with same endpoints and type...
2025-08-27 16:28 +00:00: No duplicate edges found
2025-08-27 16:33 +00:00: Running cleanup routine for null keys and duplicate edges...
2025-08-27 16:33 +00:00: Cleaning up orphaned image references...
2025-08-27 16:33 +00:00: Cleaning up duplicate edges with same endpoints and type...
2025-08-27 16:33 +00:00: No duplicate edges found
2025-08-27 16:38 +00:00: Running cleanup routine for null keys and duplicate edges...
2025-08-27 16:38 +00:00: Cleaning up orphaned image references...
2025-08-27 16:38 +00:00: Cleaning up duplicate edges with same endpoints and type...
2025-08-27 16:38 +00:00: No duplicate edges found
2025-08-27 16:43 +00:00: Running cleanup routine for null keys and duplicate edges...
2025-08-27 16:43 +00:00: Cleaning up orphaned image references...
2025-08-27 16:43 +00:00: Cleaning up duplicate edges with same endpoints and type...
2025-08-27 16:43 +00:00: No duplicate edges found
2025-08-27 16:48 +00:00: Running cleanup routine for null keys and duplicate edges...
2025-08-27 16:48 +00:00: Cleaning up orphaned image references...
2025-08-27 16:48 +00:00: Cleaning up duplicate edges with same endpoints and type...
2025-08-27 16:48 +00:00: No duplicate edges found
2025-08-27 16:53 +00:00: Running cleanup routine for null keys and duplicate edges...
2025-08-27 16:53 +00:00: Cleaning up orphaned image references...
2025-08-27 16:53 +00:00: Cleaning up duplicate edges with same endpoints and type...
2025-08-27 16:53 +00:00: No duplicate edges found
2025-08-27 16:58 +00:00: Running cleanup routine for null keys and duplicate edges...
2025-08-27 16:58 +00:00: Cleaning up orphaned image references...
2025-08-27 16:58 +00:00: Cleaning up duplicate edges with same endpoints and type...
2025-08-27 16:58 +00:00: No duplicate edges found
2025-08-27 17:03 +00:00: Running cleanup routine for null keys and duplicate edges...
2025-08-27 17:03 +00:00: Cleaning up orphaned image references...
2025-08-27 17:03 +00:00: Cleaning up duplicate edges with same endpoints and type...
2025-08-27 17:03 +00:00: No duplicate edges found
2025-08-27 17:08 +00:00: Running cleanup routine for null keys and duplicate edges...
2025-08-27 17:08 +00:00: Cleaning up orphaned image references...
2025-08-27 17:08 +00:00: Cleaning up duplicate edges with same endpoints and type...
2025-08-27 17:08 +00:00: No duplicate edges found
2025-08-27 17:13 +00:00: Running cleanup routine for null keys and duplicate edges...
2025-08-27 17:13 +00:00: Cleaning up orphaned image references...
2025-08-27 17:13 +00:00: Cleaning up duplicate edges with same endpoints and type...
2025-08-27 17:13 +00:00: No duplicate edges found
2025-08-27 17:18 +00:00: Running cleanup routine for null keys and duplicate edges...
2025-08-27 17:18 +00:00: Cleaning up orphaned image references...
2025-08-27 17:18 +00:00: Cleaning up duplicate edges with same endpoints and type...
2025-08-27 17:18 +00:00: No duplicate edges found
2025-08-27 17:23 +00:00: Running cleanup routine for null keys and duplicate edges...
2025-08-27 17:23 +00:00: Cleaning up orphaned image references...
2025-08-27 17:23 +00:00: Cleaning up duplicate edges with same endpoints and type...
2025-08-27 17:23 +00:00: No duplicate edges found
2025-08-27 17:28 +00:00: Running cleanup routine for null keys and duplicate edges...
2025-08-27 17:28 +00:00: Cleaning up orphaned image references...
2025-08-27 17:28 +00:00: Cleaning up duplicate edges with same endpoints and type...
2025-08-27 17:28 +00:00: No duplicate edges found
2025-08-27 17:33 +00:00: Running cleanup routine for null keys and duplicate edges...
2025-08-27 17:33 +00:00: Cleaning up orphaned image references...
2025-08-27 17:33 +00:00: Cleaning up duplicate edges with same endpoints and type...
2025-08-27 17:33 +00:00: No duplicate edges found
2025-08-27 17:38 +00:00: Running cleanup routine for null keys and duplicate edges...
2025-08-27 17:38 +00:00: Cleaning up orphaned image references...
2025-08-27 17:38 +00:00: Cleaning up duplicate edges with same endpoints and type...
2025-08-27 17:38 +00:00: No duplicate edges found
2025-08-27 17:43 +00:00: Running cleanup routine for null keys and duplicate edges...
2025-08-27 17:43 +00:00: Cleaning up orphaned image references...
2025-08-27 17:43 +00:00: Cleaning up duplicate edges with same endpoints and type...
2025-08-27 17:43 +00:00: No duplicate edges found
2025-08-27 17:48 +00:00: Running cleanup routine for null keys and duplicate edges...
2025-08-27 17:48 +00:00: Cleaning up orphaned image references...
2025-08-27 17:48 +00:00: Cleaning up duplicate edges with same endpoints and type...
2025-08-27 17:48 +00:00: No duplicate edges found
2025-08-27 17:53 +00:00: Running cleanup routine for null keys and duplicate edges...
2025-08-27 17:53 +00:00: Cleaning up orphaned image references...
2025-08-27 17:53 +00:00: Cleaning up duplicate edges with same endpoints and type...
2025-08-27 17:53 +00:00: No duplicate edges found
2025-08-27 17:58 +00:00: Running cleanup routine for null keys and duplicate edges...
2025-08-27 17:58 +00:00: Cleaning up orphaned image references...
2025-08-27 17:58 +00:00: Cleaning up duplicate edges with same endpoints and type...
2025-08-27 17:58 +00:00: No duplicate edges found
2025-08-27 18:03 +00:00: Running cleanup routine for null keys and duplicate edges...
2025-08-27 18:03 +00:00: Cleaning up orphaned image references...
2025-08-27 18:03 +00:00: Cleaning up duplicate edges with same endpoints and type...
2025-08-27 18:03 +00:00: No duplicate edges found
2025-08-27 18:08 +00:00: Running cleanup routine for null keys and duplicate edges...
2025-08-27 18:08 +00:00: Cleaning up orphaned image references...
2025-08-27 18:08 +00:00: Cleaning up duplicate edges with same endpoints and type...
2025-08-27 18:08 +00:00: No duplicate edges found
2025-08-27 18:13 +00:00: Running cleanup routine for null keys and duplicate edges...
2025-08-27 18:13 +00:00: Cleaning up orphaned image references...
2025-08-27 18:13 +00:00: Cleaning up duplicate edges with same endpoints and type...
2025-08-27 18:13 +00:00: No duplicate edges found
2025-08-27 18:18 +00:00: Running cleanup routine for null keys and duplicate edges...
2025-08-27 18:18 +00:00: Cleaning up orphaned image references...
2025-08-27 18:18 +00:00: Cleaning up duplicate edges with same endpoints and type...
2025-08-27 18:18 +00:00: No duplicate edges found
2025-08-27 18:23 +00:00: Running cleanup routine for null keys and duplicate edges...
2025-08-27 18:23 +00:00: Cleaning up orphaned image references...
2025-08-27 18:23 +00:00: Cleaning up duplicate edges with same endpoints and type...
2025-08-27 18:23 +00:00: No duplicate edges found
2025-08-27 18:28 +00:00: Running cleanup routine for null keys and duplicate edges...
2025-08-27 18:28 +00:00: Cleaning up orphaned image references...
2025-08-27 18:28 +00:00: Cleaning up duplicate edges with same endpoints and type...
2025-08-27 18:28 +00:00: No duplicate edges found
2025-08-27 18:33 +00:00: Running cleanup routine for null keys and duplicate edges...
2025-08-27 18:33 +00:00: Cleaning up orphaned image references...
2025-08-27 18:33 +00:00: Cleaning up duplicate edges with same endpoints and type...
2025-08-27 18:33 +00:00: No duplicate edges found
2025-08-27 18:38 +00:00: Running cleanup routine for null keys and duplicate edges...
2025-08-27 18:38 +00:00: Cleaning up orphaned image references...
2025-08-27 18:38 +00:00: Cleaning up duplicate edges with same endpoints and type...
2025-08-27 18:38 +00:00: No duplicate edges found
2025-08-27 18:43 +00:00: Running cleanup routine for null keys and duplicate edges...
2025-08-27 18:43 +00:00: Cleaning up orphaned image references...
2025-08-27 18:43 +00:00: Cleaning up duplicate edges with same endpoints and type...
2025-08-27 18:43 +00:00: No duplicate edges found
2025-08-27 18:48 +00:00: User connected: XT6cFM2Rpf-lMDmCAAAX
2025-08-27 18:48 +00:00: User XT6cFM2Rpf-lMDmCAAAX authenticated and joined family room family-5. Total users: 1
2025-08-27 18:48 +00:00: Running cleanup routine for null keys and duplicate edges...
2025-08-27 18:48 +00:00: Cleaning up orphaned image references...
2025-08-27 18:48 +00:00: Cleaning up duplicate edges with same endpoints and type...
2025-08-27 18:48 +00:00: No duplicate edges found
2025-08-27 18:50 +00:00: User disconnected: XT6cFM2Rpf-lMDmCAAAX
2025-08-27 18:50 +00:00: User XT6cFM2Rpf-lMDmCAAAX left family room family-5. Total users: 0
2025-08-27 18:53 +00:00: Running cleanup routine for null keys and duplicate edges...
2025-08-27 18:53 +00:00: Cleaning up orphaned image references...
2025-08-27 18:53 +00:00: Cleaning up duplicate edges with same endpoints and type...
2025-08-27 18:53 +00:00: No duplicate edges found
2025-08-27 18:58 +00:00: Running cleanup routine for null keys and duplicate edges...
2025-08-27 18:58 +00:00: Cleaning up orphaned image references...
2025-08-27 18:58 +00:00: Cleaning up duplicate edges with same endpoints and type...
2025-08-27 18:58 +00:00: No duplicate edges found
2025-08-27 19:03 +00:00: Running cleanup routine for null keys and duplicate edges...
2025-08-27 19:03 +00:00: Cleaning up orphaned image references...
2025-08-27 19:03 +00:00: Cleaning up duplicate edges with same endpoints and type...
2025-08-27 19:03 +00:00: No duplicate edges found
2025-08-27 19:08 +00:00: Running cleanup routine for null keys and duplicate edges...
2025-08-27 19:08 +00:00: Cleaning up orphaned image references...
2025-08-27 19:08 +00:00: Cleaning up duplicate edges with same endpoints and type...
2025-08-27 19:08 +00:00: No duplicate edges found
2025-08-27 19:13 +00:00: Running cleanup routine for null keys and duplicate edges...
2025-08-27 19:13 +00:00: Cleaning up orphaned image references...
2025-08-27 19:13 +00:00: Cleaning up duplicate edges with same endpoints and type...
2025-08-27 19:13 +00:00: No duplicate edges found
2025-08-27 19:18 +00:00: Running cleanup routine for null keys and duplicate edges...
2025-08-27 19:18 +00:00: Cleaning up orphaned image references...
2025-08-27 19:18 +00:00: Cleaning up duplicate edges with same endpoints and type...
2025-08-27 19:18 +00:00: No duplicate edges found
2025-08-27 19:23 +00:00: Running cleanup routine for null keys and duplicate edges...
2025-08-27 19:23 +00:00: Cleaning up orphaned image references...
2025-08-27 19:23 +00:00: Cleaning up duplicate edges with same endpoints and type...
2025-08-27 19:23 +00:00: No duplicate edges found
2025-08-27 19:28 +00:00: Running cleanup routine for null keys and duplicate edges...
2025-08-27 19:28 +00:00: Cleaning up orphaned image references...
2025-08-27 19:28 +00:00: Cleaning up duplicate edges with same endpoints and type...
2025-08-27 19:28 +00:00: No duplicate edges found
2025-08-27 19:33 +00:00: Running cleanup routine for null keys and duplicate edges...
2025-08-27 19:33 +00:00: Cleaning up orphaned image references...
2025-08-27 19:33 +00:00: Cleaning up duplicate edges with same endpoints and type...
2025-08-27 19:33 +00:00: No duplicate edges found
2025-08-27 19:38 +00:00: Running cleanup routine for null keys and duplicate edges...
2025-08-27 19:38 +00:00: Cleaning up orphaned image references...
2025-08-27 19:38 +00:00: Cleaning up duplicate edges with same endpoints and type...
2025-08-27 19:38 +00:00: No duplicate edges found
2025-08-27 19:40 +00:00: User connected: 9VPX6qzxbG7AhEj3AAAZ
2025-08-27 19:40 +00:00: User 9VPX6qzxbG7AhEj3AAAZ authenticated and joined family room family-5. Total users: 1
2025-08-27 19:40 +00:00: User disconnected: 9VPX6qzxbG7AhEj3AAAZ
2025-08-27 19:40 +00:00: User 9VPX6qzxbG7AhEj3AAAZ left family room family-5. Total users: 0
2025-08-27 19:43 +00:00: Running cleanup routine for null keys and duplicate edges...
2025-08-27 19:43 +00:00: Cleaning up orphaned image references...
2025-08-27 19:43 +00:00: Cleaning up duplicate edges with same endpoints and type...
2025-08-27 19:43 +00:00: No duplicate edges found
2025-08-27 19:48 +00:00: Running cleanup routine for null keys and duplicate edges...
2025-08-27 19:48 +00:00: Cleaning up orphaned image references...
2025-08-27 19:48 +00:00: Cleaning up duplicate edges with same endpoints and type...
2025-08-27 19:48 +00:00: No duplicate edges found
2025-08-27 19:53 +00:00: Running cleanup routine for null keys and duplicate edges...
2025-08-27 19:53 +00:00: Cleaning up orphaned image references...
2025-08-27 19:53 +00:00: Cleaning up duplicate edges with same endpoints and type...
2025-08-27 19:53 +00:00: No duplicate edges found
2025-08-27 19:58 +00:00: Running cleanup routine for null keys and duplicate edges...
2025-08-27 19:58 +00:00: Cleaning up orphaned image references...
2025-08-27 19:58 +00:00: Cleaning up duplicate edges with same endpoints and type...
2025-08-27 19:58 +00:00: No duplicate edges found
2025-08-27 20:03 +00:00: Running cleanup routine for null keys and duplicate edges...
2025-08-27 20:03 +00:00: Cleaning up orphaned image references...
2025-08-27 20:03 +00:00: Cleaning up duplicate edges with same endpoints and type...
2025-08-27 20:03 +00:00: No duplicate edges found
2025-08-27 20:08 +00:00: Running cleanup routine for null keys and duplicate edges...
2025-08-27 20:08 +00:00: Cleaning up orphaned image references...
2025-08-27 20:08 +00:00: Cleaning up duplicate edges with same endpoints and type...
2025-08-27 20:08 +00:00: No duplicate edges found
2025-08-27 20:13 +00:00: Running cleanup routine for null keys and duplicate edges...
2025-08-27 20:13 +00:00: Cleaning up orphaned image references...
2025-08-27 20:13 +00:00: Cleaning up duplicate edges with same endpoints and type...
2025-08-27 20:13 +00:00: No duplicate edges found
2025-08-27 20:18 +00:00: Running cleanup routine for null keys and duplicate edges...
2025-08-27 20:18 +00:00: Cleaning up orphaned image references...
2025-08-27 20:18 +00:00: Cleaning up duplicate edges with same endpoints and type...
2025-08-27 20:18 +00:00: No duplicate edges found
2025-08-27 20:23 +00:00: Running cleanup routine for null keys and duplicate edges...
2025-08-27 20:23 +00:00: Cleaning up orphaned image references...
2025-08-27 20:23 +00:00: Cleaning up duplicate edges with same endpoints and type...
2025-08-27 20:23 +00:00: No duplicate edges found
2025-08-27 20:28 +00:00: Running cleanup routine for null keys and duplicate edges...
2025-08-27 20:28 +00:00: Cleaning up orphaned image references...
2025-08-27 20:28 +00:00: Cleaning up duplicate edges with same endpoints and type...
2025-08-27 20:28 +00:00: No duplicate edges found
2025-08-27 20:33 +00:00: Running cleanup routine for null keys and duplicate edges...
2025-08-27 20:33 +00:00: Cleaning up orphaned image references...
2025-08-27 20:33 +00:00: Cleaning up duplicate edges with same endpoints and type...
2025-08-27 20:33 +00:00: No duplicate edges found
2025-08-27 20:38 +00:00: Running cleanup routine for null keys and duplicate edges...
2025-08-27 20:38 +00:00: Cleaning up orphaned image references...
2025-08-27 20:38 +00:00: Cleaning up duplicate edges with same endpoints and type...
2025-08-27 20:38 +00:00: No duplicate edges found
2025-08-27 20:43 +00:00: Running cleanup routine for null keys and duplicate edges...
2025-08-27 20:43 +00:00: Cleaning up orphaned image references...
2025-08-27 20:43 +00:00: Cleaning up duplicate edges with same endpoints and type...
2025-08-27 20:43 +00:00: No duplicate edges found
2025-08-27 20:45 +00:00: User connected: IMBConlGznf4VvVNAAAb
2025-08-27 20:45 +00:00: User IMBConlGznf4VvVNAAAb authenticated and joined family room family-5. Total users: 1
2025-08-27 20:48 +00:00: Running cleanup routine for null keys and duplicate edges...
2025-08-27 20:48 +00:00: Cleaning up orphaned image references...
2025-08-27 20:48 +00:00: Cleaning up duplicate edges with same endpoints and type...
2025-08-27 20:48 +00:00: No duplicate edges found
2025-08-27 20:53 +00:00: Running cleanup routine for null keys and duplicate edges...
2025-08-27 20:53 +00:00: Cleaning up orphaned image references...
2025-08-27 20:53 +00:00: Cleaning up duplicate edges with same endpoints and type...
2025-08-27 20:53 +00:00: No duplicate edges found
2025-08-27 20:58 +00:00: Running cleanup routine for null keys and duplicate edges...
2025-08-27 20:58 +00:00: Cleaning up orphaned image references...
2025-08-27 20:58 +00:00: Cleaning up duplicate edges with same endpoints and type...
2025-08-27 20:58 +00:00: No duplicate edges found
2025-08-27 21:03 +00:00: Running cleanup routine for null keys and duplicate edges...
2025-08-27 21:03 +00:00: Cleaning up orphaned image references...
2025-08-27 21:03 +00:00: Cleaning up duplicate edges with same endpoints and type...
2025-08-27 21:03 +00:00: No duplicate edges found
2025-08-27 21:08 +00:00: Running cleanup routine for null keys and duplicate edges...
2025-08-27 21:08 +00:00: Cleaning up orphaned image references...
2025-08-27 21:08 +00:00: Cleaning up duplicate edges with same endpoints and type...
2025-08-27 21:08 +00:00: No duplicate edges found
2025-08-27 21:13 +00:00: Running cleanup routine for null keys and duplicate edges...
2025-08-27 21:13 +00:00: Cleaning up orphaned image references...
2025-08-27 21:13 +00:00: Cleaning up duplicate edges with same endpoints and type...
2025-08-27 21:13 +00:00: No duplicate edges found
2025-08-27 21:18 +00:00: Running cleanup routine for null keys and duplicate edges...
2025-08-27 21:18 +00:00: Cleaning up orphaned image references...
2025-08-27 21:18 +00:00: Cleaning up duplicate edges with same endpoints and type...
2025-08-27 21:18 +00:00: No duplicate edges found
2025-08-27 21:23 +00:00: Running cleanup routine for null keys and duplicate edges...
2025-08-27 21:23 +00:00: Cleaning up orphaned image references...
2025-08-27 21:23 +00:00: Cleaning up duplicate edges with same endpoints and type...
2025-08-27 21:23 +00:00: No duplicate edges found
2025-08-27 21:26 +00:00: User disconnected: IMBConlGznf4VvVNAAAb
2025-08-27 21:26 +00:00: User IMBConlGznf4VvVNAAAb left family room family-5. Total users: 0
2025-08-27 21:28 +00:00: Running cleanup routine for null keys and duplicate edges...
2025-08-27 21:28 +00:00: Cleaning up orphaned image references...
2025-08-27 21:28 +00:00: Cleaning up duplicate edges with same endpoints and type...
2025-08-27 21:28 +00:00: No duplicate edges found
2025-08-27 21:33 +00:00: Running cleanup routine for null keys and duplicate edges...
2025-08-27 21:33 +00:00: Cleaning up orphaned image references...
2025-08-27 21:33 +00:00: Cleaning up duplicate edges with same endpoints and type...
2025-08-27 21:33 +00:00: No duplicate edges found
2025-08-27 21:38 +00:00: Running cleanup routine for null keys and duplicate edges...
2025-08-27 21:38 +00:00: Cleaning up orphaned image references...
2025-08-27 21:38 +00:00: Cleaning up duplicate edges with same endpoints and type...
2025-08-27 21:38 +00:00: No duplicate edges found
2025-08-27 21:43 +00:00: Running cleanup routine for null keys and duplicate edges...
2025-08-27 21:43 +00:00: Cleaning up orphaned image references...
2025-08-27 21:43 +00:00: Cleaning up duplicate edges with same endpoints and type...
2025-08-27 21:43 +00:00: No duplicate edges found
2025-08-27 21:48 +00:00: Running cleanup routine for null keys and duplicate edges...
2025-08-27 21:48 +00:00: Cleaning up orphaned image references...
2025-08-27 21:48 +00:00: Cleaning up duplicate edges with same endpoints and type...
2025-08-27 21:48 +00:00: No duplicate edges found
2025-08-27 21:53 +00:00: Running cleanup routine for null keys and duplicate edges...
2025-08-27 21:53 +00:00: Cleaning up orphaned image references...
2025-08-27 21:53 +00:00: Cleaning up duplicate edges with same endpoints and type...
2025-08-27 21:53 +00:00: No duplicate edges found
2025-08-27 21:57 +00:00: User connected: kMicuYQJRtGE2yXgAAAd
2025-08-27 21:57 +00:00: User kMicuYQJRtGE2yXgAAAd authenticated and joined family room family-5. Total users: 1
2025-08-27 21:57 +00:00: User disconnected: kMicuYQJRtGE2yXgAAAd
2025-08-27 21:57 +00:00: User kMicuYQJRtGE2yXgAAAd left family room family-5. Total users: 0
2025-08-27 21:58 +00:00: User connected: nJKAPAF1M_-S2gQzAAAf
2025-08-27 21:58 +00:00: User nJKAPAF1M_-S2gQzAAAf authenticated and joined family room family-5. Total users: 1
2025-08-27 21:58 +00:00: Running cleanup routine for null keys and duplicate edges...
2025-08-27 21:58 +00:00: Cleaning up orphaned image references...
2025-08-27 21:58 +00:00: Cleaning up duplicate edges with same endpoints and type...
2025-08-27 21:58 +00:00: No duplicate edges found
2025-08-27 22:02 +00:00: User disconnected: nJKAPAF1M_-S2gQzAAAf
2025-08-27 22:02 +00:00: User nJKAPAF1M_-S2gQzAAAf left family room family-5. Total users: 0
2025-08-27 22:03 +00:00: Running cleanup routine for null keys and duplicate edges...
2025-08-27 22:03 +00:00: Cleaning up orphaned image references...
2025-08-27 22:03 +00:00: Cleaning up duplicate edges with same endpoints and type...
2025-08-27 22:03 +00:00: Cleaned up 1 self-loop edges
2025-08-27 22:03 +00:00: No duplicate edges found
2025-08-27 22:08 +00:00: Running cleanup routine for null keys and duplicate edges...
2025-08-27 22:08 +00:00: Cleaning up orphaned image references...
2025-08-27 22:08 +00:00: Cleaning up duplicate edges with same endpoints and type...
2025-08-27 22:08 +00:00: No duplicate edges found
2025-08-27 22:13 +00:00: Running cleanup routine for null keys and duplicate edges...
2025-08-27 22:13 +00:00: Cleaning up orphaned image references...
2025-08-27 22:13 +00:00: Cleaning up duplicate edges with same endpoints and type...
2025-08-27 22:13 +00:00: No duplicate edges found
2025-08-27 22:18 +00:00: Running cleanup routine for null keys and duplicate edges...
2025-08-27 22:18 +00:00: Cleaning up orphaned image references...
2025-08-27 22:18 +00:00: Cleaning up duplicate edges with same endpoints and type...
2025-08-27 22:18 +00:00: No duplicate edges found
2025-08-27 22:23 +00:00: Running cleanup routine for null keys and duplicate edges...
2025-08-27 22:23 +00:00: Cleaning up orphaned image references...
2025-08-27 22:23 +00:00: Cleaning up duplicate edges with same endpoints and type...
2025-08-27 22:23 +00:00: No duplicate edges found
2025-08-27 22:28 +00:00: Running cleanup routine for null keys and duplicate edges...
2025-08-27 22:28 +00:00: Cleaning up orphaned image references...
2025-08-27 22:28 +00:00: Cleaning up duplicate edges with same endpoints and type...
2025-08-27 22:28 +00:00: No duplicate edges found
2025-08-27 22:33 +00:00: Running cleanup routine for null keys and duplicate edges...
2025-08-27 22:33 +00:00: Cleaning up orphaned image references...
2025-08-27 22:33 +00:00: Cleaning up duplicate edges with same endpoints and type...
2025-08-27 22:33 +00:00: No duplicate edges found
2025-08-27 22:34 +00:00: User connected: mU3WVhgoL2LNDxyHAAAh
2025-08-27 22:34 +00:00: User mU3WVhgoL2LNDxyHAAAh authenticated and joined family room family-5. Total users: 1
2025-08-27 22:37 +00:00: User disconnected: mU3WVhgoL2LNDxyHAAAh
2025-08-27 22:37 +00:00: User mU3WVhgoL2LNDxyHAAAh left family room family-5. Total users: 0
2025-08-27 22:37 +00:00: User connected: pEjA4kLczNfhIgx3AAAj
2025-08-27 22:37 +00:00: User pEjA4kLczNfhIgx3AAAj authenticated and joined family room family-5. Total users: 1
2025-08-27 22:37 +00:00: User disconnected: pEjA4kLczNfhIgx3AAAj
2025-08-27 22:37 +00:00: User pEjA4kLczNfhIgx3AAAj left family room family-5. Total users: 0
2025-08-27 22:37 +00:00: User connected: 6WZDhJnYN3IBOMj_AAAl
2025-08-27 22:37 +00:00: User 6WZDhJnYN3IBOMj_AAAl authenticated and joined family room family-5. Total users: 1
2025-08-27 22:37 +00:00: User disconnected: 6WZDhJnYN3IBOMj_AAAl
2025-08-27 22:37 +00:00: User 6WZDhJnYN3IBOMj_AAAl left family room family-5. Total users: 0
2025-08-27 22:38 +00:00: Server running on http://localhost:3001
2025-08-27 22:38 +00:00: Server also available on local network at http://[your-ip]:3001
2025-08-27 22:38 +00:00: Socket.IO enabled for real-time collaboration
2025-08-27 22:38 +00:00: Environment: production
2025-08-27 22:38 +00:00: Running cleanup routine for null keys and duplicate edges...
2025-08-27 22:38 +00:00: Cleaning up orphaned image references...
2025-08-27 22:38 +00:00: Cleaning up duplicate edges with same endpoints and type...
2025-08-27 22:38 +00:00: No duplicate edges found
2025-08-27 22:38 +00:00: User connected: DlBafncqp8dSbPoVAAAB
2025-08-27 22:38 +00:00: User DlBafncqp8dSbPoVAAAB authenticated and joined family room family-5. Total users: 1
2025-08-27 22:41 +00:00: User disconnected: DlBafncqp8dSbPoVAAAB
2025-08-27 22:41 +00:00: User DlBafncqp8dSbPoVAAAB left family room family-5. Total users: 0
2025-08-27 22:43 +00:00: Running cleanup routine for null keys and duplicate edges...
2025-08-27 22:43 +00:00: Cleaning up orphaned image references...
2025-08-27 22:43 +00:00: Cleaning up duplicate edges with same endpoints and type...
2025-08-27 22:43 +00:00: No duplicate edges found
2025-08-27 22:43 +00:00: Server running on http://localhost:3001
2025-08-27 22:43 +00:00: Server also available on local network at http://[your-ip]:3001
2025-08-27 22:43 +00:00: Socket.IO enabled for real-time collaboration
2025-08-27 22:43 +00:00: Environment: production
2025-08-27 22:43 +00:00: Running cleanup routine for null keys and duplicate edges...
2025-08-27 22:43 +00:00: Cleaning up orphaned image references...
2025-08-27 22:43 +00:00: Cleaning up duplicate edges with same endpoints and type...
2025-08-27 22:43 +00:00: No duplicate edges found
2025-08-27 22:44 +00:00: Server running on http://localhost:3001
2025-08-27 22:44 +00:00: Server also available on local network at http://[your-ip]:3001
2025-08-27 22:44 +00:00: Socket.IO enabled for real-time collaboration
2025-08-27 22:44 +00:00: Environment: production
2025-08-27 22:44 +00:00: Running cleanup routine for null keys and duplicate edges...
2025-08-27 22:44 +00:00: Cleaning up orphaned image references...
2025-08-27 22:44 +00:00: Cleaning up duplicate edges with same endpoints and type...
2025-08-27 22:44 +00:00: No duplicate edges found
2025-08-27 22:47 +00:00: User connected: ybibPmlobUXtSDXNAAAB
2025-08-27 22:47 +00:00: User ybibPmlobUXtSDXNAAAB authenticated and joined family room family-5. Total users: 1
2025-08-27 22:47 +00:00: User disconnected: ybibPmlobUXtSDXNAAAB
2025-08-27 22:47 +00:00: User ybibPmlobUXtSDXNAAAB left family room family-5. Total users: 0
2025-08-27 22:48 +00:00: User connected: E7SeZqt0Yj047yOdAAAD
2025-08-27 22:48 +00:00: User E7SeZqt0Yj047yOdAAAD authenticated and joined family room family-5. Total users: 1
2025-08-27 22:49 +00:00: Running cleanup routine for null keys and duplicate edges...
2025-08-27 22:49 +00:00: Cleaning up orphaned image references...
2025-08-27 22:49 +00:00: Cleaning up duplicate edges with same endpoints and type...
2025-08-27 22:49 +00:00: No duplicate edges found
2025-08-27 22:49 +00:00: User connected: GNXknx_M3u1hd4FLAAAF
2025-08-27 22:49 +00:00: User GNXknx_M3u1hd4FLAAAF authenticated and joined family room family-5. Total users: 2
2025-08-27 22:49 +00:00: User disconnected: GNXknx_M3u1hd4FLAAAF
2025-08-27 22:49 +00:00: User GNXknx_M3u1hd4FLAAAF left family room family-5. Total users: 1
2025-08-27 22:50 +00:00: User disconnected: E7SeZqt0Yj047yOdAAAD
2025-08-27 22:50 +00:00: User E7SeZqt0Yj047yOdAAAD left family room family-5. Total users: 0
2025-08-27 22:50 +00:00: User connected: EzB0NRcboIqh_26mAAAH
2025-08-27 22:50 +00:00: User EzB0NRcboIqh_26mAAAH authenticated and joined family room family-5. Total users: 1
2025-08-27 22:50 +00:00: User connected: Cqe2ULW2Asojg-uaAAAJ
2025-08-27 22:50 +00:00: User Cqe2ULW2Asojg-uaAAAJ authenticated and joined family room family-5. Total users: 2
2025-08-27 22:51 +00:00: User disconnected: Cqe2ULW2Asojg-uaAAAJ
2025-08-27 22:51 +00:00: User Cqe2ULW2Asojg-uaAAAJ left family room family-5. Total users: 1
2025-08-27 22:54 +00:00: User connected: DXaTBpVL-dDJXe5sAAAL
2025-08-27 22:54 +00:00: User DXaTBpVL-dDJXe5sAAAL authenticated and joined family room family-5. Total users: 2
2025-08-27 22:54 +00:00: Running cleanup routine for null keys and duplicate edges...
2025-08-27 22:54 +00:00: Cleaning up orphaned image references...
2025-08-27 22:54 +00:00: Cleaning up duplicate edges with same endpoints and type...
2025-08-27 22:54 +00:00: No duplicate edges found
2025-08-27 22:55 +00:00: User disconnected: DXaTBpVL-dDJXe5sAAAL
2025-08-27 22:55 +00:00: User DXaTBpVL-dDJXe5sAAAL left family room family-5. Total users: 1
2025-08-27 22:58 +00:00: Server running on http://localhost:3001
2025-08-27 22:58 +00:00: Server also available on local network at http://[your-ip]:3001
2025-08-27 22:58 +00:00: Socket.IO enabled for real-time collaboration
2025-08-27 22:58 +00:00: Environment: production
2025-08-27 22:58 +00:00: User connected: B3AxzQZ97g9QJNwOAAAB
2025-08-27 22:58 +00:00: User B3AxzQZ97g9QJNwOAAAB authenticated and joined family room family-5. Total users: 1
2025-08-27 22:58 +00:00: Running cleanup routine for null keys and duplicate edges...
2025-08-27 22:58 +00:00: Cleaning up orphaned image references...
2025-08-27 22:58 +00:00: Cleaning up duplicate edges with same endpoints and type...
2025-08-27 22:58 +00:00: No duplicate edges found
2025-08-27 23:01 +00:00: User disconnected: B3AxzQZ97g9QJNwOAAAB
2025-08-27 23:01 +00:00: User B3AxzQZ97g9QJNwOAAAB left family room family-5. Total users: 0
2025-08-27 23:01 +00:00: User connected: bg4fFpXhA1d3LjhIAAAF
2025-08-27 23:01 +00:00: User bg4fFpXhA1d3LjhIAAAF authenticated and joined family room family-5. Total users: 1
