2025-08-26 13:57 +00:00: (node:220904) NOTE: The AWS SDK for JavaScript (v2) is in maintenance mode.
2025-08-26 13:57 +00:00:  SDK releases are limited to address critical bug fixes and security issues only.
2025-08-26 13:57 +00:00: 
2025-08-26 13:57 +00:00: Please migrate your code to use AWS SDK for JavaScript (v3).
2025-08-26 13:57 +00:00: For more information, check the blog post at https://a.co/cUPnyil
2025-08-26 13:57 +00:00: (Use `node --trace-warnings ...` to show where the warning was created)
2025-08-27 08:18 +00:00: (node:3298) NOTE: The AWS SDK for JavaScript (v2) is in maintenance mode.
2025-08-27 08:18 +00:00:  SDK releases are limited to address critical bug fixes and security issues only.
2025-08-27 08:18 +00:00: 
2025-08-27 08:18 +00:00: Please migrate your code to use AWS SDK for JavaScript (v3).
2025-08-27 08:18 +00:00: For more information, check the blog post at https://a.co/cUPnyil
2025-08-27 08:18 +00:00: (Use `node --trace-warnings ...` to show where the warning was created)
2025-08-27 08:21 +00:00: Decryption error: Error: Malformed UTF-8 data
2025-08-27 08:21 +00:00:     at Object.stringify (/home/ubuntu/ancestree/ancestree-backend/node_modules/crypto-js/core.js:523:24)
2025-08-27 08:21 +00:00:     at WordArray.init.toString (/home/ubuntu/ancestree/ancestree-backend/node_modules/crypto-js/core.js:278:38)
2025-08-27 08:21 +00:00:     at decryptValue (/home/ubuntu/ancestree/ancestree-backend/encryption.js:52:29)
2025-08-27 08:21 +00:00:     at /home/ubuntu/ancestree/ancestree-backend/encryption.js:95:26
2025-08-27 08:21 +00:00:     at Array.forEach (<anonymous>)
2025-08-27 08:21 +00:00:     at decryptNodeData (/home/ubuntu/ancestree/ancestree-backend/encryption.js:93:20)
2025-08-27 08:21 +00:00:     at /home/ubuntu/ancestree/ancestree-backend/server.js:650:29
2025-08-27 08:21 +00:00:     at Array.map (<anonymous>)
2025-08-27 08:21 +00:00:     at Statement.<anonymous> (/home/ubuntu/ancestree/ancestree-backend/server.js:628:24)
2025-08-27 20:45 +00:00: Decryption error: Error: Malformed UTF-8 data
2025-08-27 20:45 +00:00:     at Object.stringify (/home/ubuntu/ancestree/ancestree-backend/node_modules/crypto-js/core.js:523:24)
2025-08-27 20:45 +00:00:     at WordArray.init.toString (/home/ubuntu/ancestree/ancestree-backend/node_modules/crypto-js/core.js:278:38)
2025-08-27 20:45 +00:00:     at decryptValue (/home/ubuntu/ancestree/ancestree-backend/encryption.js:52:29)
2025-08-27 20:45 +00:00:     at /home/ubuntu/ancestree/ancestree-backend/encryption.js:95:26
2025-08-27 20:45 +00:00:     at Array.forEach (<anonymous>)
2025-08-27 20:45 +00:00:     at decryptNodeData (/home/ubuntu/ancestree/ancestree-backend/encryption.js:93:20)
2025-08-27 20:45 +00:00:     at /home/ubuntu/ancestree/ancestree-backend/server.js:650:29
2025-08-27 20:45 +00:00:     at Array.map (<anonymous>)
2025-08-27 20:45 +00:00:     at Statement.<anonymous> (/home/ubuntu/ancestree/ancestree-backend/server.js:628:24)
2025-08-27 21:58 +00:00: Decryption error: Error: Malformed UTF-8 data
2025-08-27 21:58 +00:00:     at Object.stringify (/home/ubuntu/ancestree/ancestree-backend/node_modules/crypto-js/core.js:523:24)
2025-08-27 21:58 +00:00:     at WordArray.init.toString (/home/ubuntu/ancestree/ancestree-backend/node_modules/crypto-js/core.js:278:38)
2025-08-27 21:58 +00:00:     at decryptValue (/home/ubuntu/ancestree/ancestree-backend/encryption.js:52:29)
2025-08-27 21:58 +00:00:     at /home/ubuntu/ancestree/ancestree-backend/encryption.js:95:26
2025-08-27 21:58 +00:00:     at Array.forEach (<anonymous>)
2025-08-27 21:58 +00:00:     at decryptNodeData (/home/ubuntu/ancestree/ancestree-backend/encryption.js:93:20)
2025-08-27 21:58 +00:00:     at /home/ubuntu/ancestree/ancestree-backend/server.js:650:29
2025-08-27 21:58 +00:00:     at Array.map (<anonymous>)
2025-08-27 21:58 +00:00:     at Statement.<anonymous> (/home/ubuntu/ancestree/ancestree-backend/server.js:628:24)
2025-08-27 22:37 +00:00: Decryption error: Error: Malformed UTF-8 data
2025-08-27 22:37 +00:00:     at Object.stringify (/home/ubuntu/ancestree/ancestree-backend/node_modules/crypto-js/core.js:523:24)
2025-08-27 22:37 +00:00:     at WordArray.init.toString (/home/ubuntu/ancestree/ancestree-backend/node_modules/crypto-js/core.js:278:38)
2025-08-27 22:37 +00:00:     at decryptValue (/home/ubuntu/ancestree/ancestree-backend/encryption.js:52:29)
2025-08-27 22:37 +00:00:     at /home/ubuntu/ancestree/ancestree-backend/encryption.js:95:26
2025-08-27 22:37 +00:00:     at Array.forEach (<anonymous>)
2025-08-27 22:37 +00:00:     at decryptNodeData (/home/ubuntu/ancestree/ancestree-backend/encryption.js:93:20)
2025-08-27 22:37 +00:00:     at /home/ubuntu/ancestree/ancestree-backend/server.js:650:29
2025-08-27 22:37 +00:00:     at Array.map (<anonymous>)
2025-08-27 22:37 +00:00:     at Statement.<anonymous> (/home/ubuntu/ancestree/ancestree-backend/server.js:628:24)
2025-08-27 22:38 +00:00: (node:6742) NOTE: The AWS SDK for JavaScript (v2) is in maintenance mode.
2025-08-27 22:38 +00:00:  SDK releases are limited to address critical bug fixes and security issues only.
2025-08-27 22:38 +00:00: 
2025-08-27 22:38 +00:00: Please migrate your code to use AWS SDK for JavaScript (v3).
2025-08-27 22:38 +00:00: For more information, check the blog post at https://a.co/cUPnyil
2025-08-27 22:38 +00:00: (Use `node --trace-warnings ...` to show where the warning was created)
2025-08-27 22:43 +00:00: (node:6813) NOTE: The AWS SDK for JavaScript (v2) is in maintenance mode.
2025-08-27 22:43 +00:00:  SDK releases are limited to address critical bug fixes and security issues only.
2025-08-27 22:43 +00:00: 
2025-08-27 22:43 +00:00: Please migrate your code to use AWS SDK for JavaScript (v3).
2025-08-27 22:43 +00:00: For more information, check the blog post at https://a.co/cUPnyil
2025-08-27 22:43 +00:00: (Use `node --trace-warnings ...` to show where the warning was created)
2025-08-27 22:44 +00:00: (node:6858) NOTE: The AWS SDK for JavaScript (v2) is in maintenance mode.
2025-08-27 22:44 +00:00:  SDK releases are limited to address critical bug fixes and security issues only.
2025-08-27 22:44 +00:00: 
2025-08-27 22:44 +00:00: Please migrate your code to use AWS SDK for JavaScript (v3).
2025-08-27 22:44 +00:00: For more information, check the blog post at https://a.co/cUPnyil
2025-08-27 22:44 +00:00: (Use `node --trace-warnings ...` to show where the warning was created)
2025-08-27 22:58 +00:00: (node:7359) NOTE: The AWS SDK for JavaScript (v2) is in maintenance mode.
2025-08-27 22:58 +00:00:  SDK releases are limited to address critical bug fixes and security issues only.
2025-08-27 22:58 +00:00: 
2025-08-27 22:58 +00:00: Please migrate your code to use AWS SDK for JavaScript (v3).
2025-08-27 22:58 +00:00: For more information, check the blog post at https://a.co/cUPnyil
2025-08-27 22:58 +00:00: (Use `node --trace-warnings ...` to show where the warning was created)
2025-08-27 23:01 +00:00: Error: ENOENT: no such file or directory, stat '/home/ubuntu/ancestree/ancestree-app/dist/index.html'
2025-08-27 23:13 +00:00: (node:2132) NOTE: The AWS SDK for JavaScript (v2) is in maintenance mode.
2025-08-27 23:13 +00:00:  SDK releases are limited to address critical bug fixes and security issues only.
2025-08-27 23:13 +00:00: 
2025-08-27 23:13 +00:00: Please migrate your code to use AWS SDK for JavaScript (v3).
2025-08-27 23:13 +00:00: For more information, check the blog post at https://a.co/cUPnyil
2025-08-27 23:13 +00:00: (Use `node --trace-warnings ...` to show where the warning was created)
